Added Component: Designator=BT2(BAT_BA2AAPC-UL94V-0)
Add component (AddParameter): Name = "Availability"; Value = "Warning"; VariantName = "[No Variations]"
Add component (AddParameter): Name = "Check_prices"; Value = "https://www.snapeda.com/parts/BA2AAPC-UL94V-0/MPD/view-part/4389111/?ref=eda"; VariantName = "[No Variations]"
Add component (AddParameter): Name = "MF"; Value = "MPD"; VariantName = "[No Variations]"
Add component (AddParameter): Name = "MP"; Value = "BA2AAPC-UL94V-0"; VariantName = "[No Variations]"
Add component (AddParameter): Name = "Package"; Value = "None"; VariantName = "[No Variations]"
Add component (AddParameter): Name = "Price"; Value = "None"; VariantName = "[No Variations]"
Add component (AddParameter): Name = "Purchase-URL"; Value = "https://pricing.snapeda.com/search/part/BA2AAPC-UL94V-0/?ref=eda"; VariantName = "[No Variations]"
Add component (AddParameter): Name = "SnapEDA_Link"; Value = "https://www.snapeda.com/parts/BA2AAPC-UL94V-0/MPD/view-part/4389111/?ref=snap"; VariantName = "[No Variations]"
Add component (AddParameter): Name = "Value"; Value = ""; VariantName = "[No Variations]"
Added Component: Designator=LM3(lm2596)
Added Component: Designator=S2(SW_RF1-1A-DC-2-R-1)
Add component (AddParameter): Name = "Check_prices"; Value = "https://www.snapeda.com/parts/RF1-1A-DC-2-R-1/Switch+Components/view-part/?ref=eda"; VariantName = "[No Variations]"
Add component (AddParameter): Name = "MF"; Value = "Switch Components"; VariantName = "[No Variations]"
Add component (AddParameter): Name = "MP"; Value = "RF1-1A-DC-2-R-1"; VariantName = "[No Variations]"
Add component (AddParameter): Name = "Package"; Value = "None"; VariantName = "[No Variations]"
Add component (AddParameter): Name = "SnapEDA_Link"; Value = "https://www.snapeda.com/parts/RF1-1A-DC-2-R-1/Switch+Components/view-part/?ref=snap"; VariantName = "[No Variations]"
Add component (AddParameter): Name = "Value"; Value = ""; VariantName = "[No Variations]"
Added Component: Designator=U2(MODULE_ZC563900)
Add component (AddParameter): Name = "Availability"; Value = "Not in stock"; VariantName = "[No Variations]"
Add component (AddParameter): Name = "Check_prices"; Value = "https://www.snapeda.com/parts/ZC563900/YKS/view-part/?ref=eda"; VariantName = "[No Variations]"
Add component (AddParameter): Name = "MF"; Value = "YKS"; VariantName = "[No Variations]"
Add component (AddParameter): Name = "MP"; Value = "ZC563900"; VariantName = "[No Variations]"
Add component (AddParameter): Name = "Package"; Value = "None"; VariantName = "[No Variations]"
Add component (AddParameter): Name = "Price"; Value = "None"; VariantName = "[No Variations]"
Add component (AddParameter): Name = "SnapEDA_Link"; Value = "https://www.snapeda.com/parts/ZC563900/YKS/view-part/?ref=snap"; VariantName = "[No Variations]"
Add component (AddParameter): Name = "Value"; Value = ""; VariantName = "[No Variations]"
Added Component: Designator=ultrasonic2(HDR1X4)
Add component (AddParameter): Name = "LatestRevisionDate"; Value = "17-Jul-2002"; VariantName = "[No Variations]"
Add component (AddParameter): Name = "LatestRevisionNote"; Value = "Re-released for DXP Platform."; VariantName = "[No Variations]"
Add component (AddParameter): Name = "Publisher"; Value = "Altium Limited"; VariantName = "[No Variations]"
Added Pin To Net: NetName=+5 Pin=LM3-4
Added Pin To Net: NetName=+5 Pin=U2-15
Added Pin To Net: NetName=+5 Pin=ultrasonic2-1
Added Net: Name=+5
Added Pin To Net: NetName=Echo Pin=U2-28
Added Pin To Net: NetName=Echo Pin=ultrasonic2-3
Added Net: Name=Echo
Added Pin To Net: NetName=GND Pin=BT2-NEG
Added Pin To Net: NetName=GND Pin=LM3-2
Added Pin To Net: NetName=GND Pin=LM3-3
Added Pin To Net: NetName=GND Pin=U2-10
Added Pin To Net: NetName=GND Pin=U2-14
Added Pin To Net: NetName=GND Pin=U2-17
Added Pin To Net: NetName=GND Pin=U2-24
Added Pin To Net: NetName=GND Pin=ultrasonic2-4
Added Net: Name=GND
Added Pin To Net: NetName=NetBT2_POS Pin=BT2-POS
Added Pin To Net: NetName=NetBT2_POS Pin=S2-2
Added Net: Name=NetBT2_POS
Added Pin To Net: NetName=NetLM3_1 Pin=LM3-1
Added Pin To Net: NetName=NetLM3_1 Pin=S2-1
Added Net: Name=NetLM3_1
Added Pin To Net: NetName=Trig Pin=U2-26
Added Pin To Net: NetName=Trig Pin=ultrasonic2-2
Added Net: Name=Trig
Added Class: Name=Sheet2
