Removed Pin From Net: NetName=GND Pin=J2-1
Removed Pin From Net: NetName=GND Pin=LM3-2
Removed Pin From Net: NetName=GND Pin=LM3-3
Removed Pin From Net: NetName=+5 Pin=LM3-4
Added Component: Designator=C1(RAD-0.3)
Add component (AddParameter): Name = "LatestRevisionDate"; Value = "17-Jul-2002"; VariantName = "[No Variations]"
Add component (AddParameter): Name = "LatestRevisionNote"; Value = "Re-released for DXP Platform."; VariantName = "[No Variations]"
Add component (AddParameter): Name = "PackageDescription"; Value = "Radial Cap, Thru-Hole; 2 Leads; 0.3 in Pin Spacing"; VariantName = "[No Variations]"
Add component (AddParameter): Name = "PackageReference"; Value = "RAD-0.3"; VariantName = "[No Variations]"
Add component (AddParameter): Name = "Published"; Value = "8-Jun-2000"; VariantName = "[No Variations]"
Add component (AddParameter): Name = "Publisher"; Value = "Altium Limited"; VariantName = "[No Variations]"
Add component (AddParameter): Name = "Value"; Value = "1500uF"; VariantName = "[No Variations]"
Added Component: Designator=C2(RAD-0.3)
Add component (AddParameter): Name = "LatestRevisionDate"; Value = "17-Jul-2002"; VariantName = "[No Variations]"
Add component (AddParameter): Name = "LatestRevisionNote"; Value = "Re-released for DXP Platform."; VariantName = "[No Variations]"
Add component (AddParameter): Name = "PackageDescription"; Value = "Radial Cap, Thru-Hole; 2 Leads; 0.3 in Pin Spacing"; VariantName = "[No Variations]"
Add component (AddParameter): Name = "PackageReference"; Value = "RAD-0.3"; VariantName = "[No Variations]"
Add component (AddParameter): Name = "Published"; Value = "8-Jun-2000"; VariantName = "[No Variations]"
Add component (AddParameter): Name = "Publisher"; Value = "Altium Limited"; VariantName = "[No Variations]"
Add component (AddParameter): Name = "Value"; Value = "1500uF"; VariantName = "[No Variations]"
Added Component: Designator=D1(DIOAD1300W80L670D310)
Add component (AddParameter): Name = "Check_prices"; Value = "https://www.snapeda.com/parts/P6KE6.8A/Littelfuse/view-part/?ref=eda"; VariantName = "[No Variations]"
Add component (AddParameter): Name = "MF"; Value = "Littelfuse Inc."; VariantName = "[No Variations]"
Add component (AddParameter): Name = "MP"; Value = "P6KE6.8A"; VariantName = "[No Variations]"
Add component (AddParameter): Name = "Package"; Value = "DO-15 Littelfuse Inc."; VariantName = "[No Variations]"
Add component (AddParameter): Name = "SnapEDA_Link"; Value = "https://www.snapeda.com/parts/P6KE6.8A/Littelfuse/view-part/?ref=snap"; VariantName = "[No Variations]"
Add component (AddParameter): Name = "Value"; Value = ""; VariantName = "[No Variations]"
Added Component: Designator=D2(DIOAD1300W80L670D310)
Add component (AddParameter): Name = "Check_prices"; Value = "https://www.snapeda.com/parts/P6KE6.8A/Littelfuse/view-part/?ref=eda"; VariantName = "[No Variations]"
Add component (AddParameter): Name = "MF"; Value = "Littelfuse Inc."; VariantName = "[No Variations]"
Add component (AddParameter): Name = "MP"; Value = "P6KE6.8A"; VariantName = "[No Variations]"
Add component (AddParameter): Name = "Package"; Value = "DO-15 Littelfuse Inc."; VariantName = "[No Variations]"
Add component (AddParameter): Name = "SnapEDA_Link"; Value = "https://www.snapeda.com/parts/P6KE6.8A/Littelfuse/view-part/?ref=snap"; VariantName = "[No Variations]"
Add component (AddParameter): Name = "Value"; Value = ""; VariantName = "[No Variations]"
Added Component: Designator=L1(INDAD1680W80L1200D650)
Add component (AddParameter): Name = "Availability"; Value = "In Stock"; VariantName = "[No Variations]"
Add component (AddParameter): Name = "Check_prices"; Value = "https://www.snapeda.com/parts/B82145A1474J000/EPCOS/view-part/?ref=eda"; VariantName = "[No Variations]"
Add component (AddParameter): Name = "MF"; Value = "EPCOS"; VariantName = "[No Variations]"
Add component (AddParameter): Name = "MP"; Value = "B82145A1474J000"; VariantName = "[No Variations]"
Add component (AddParameter): Name = "Package"; Value = "None"; VariantName = "[No Variations]"
Add component (AddParameter): Name = "Price"; Value = "None"; VariantName = "[No Variations]"
Add component (AddParameter): Name = "Purchase-URL"; Value = "https://pricing.snapeda.com/search/part/B82145A1474J000/?ref=eda"; VariantName = "[No Variations]"
Add component (AddParameter): Name = "SnapEDA_Link"; Value = "https://www.snapeda.com/parts/B82145A1474J000/EPCOS/view-part/?ref=snap"; VariantName = "[No Variations]"
Add component (AddParameter): Name = "Value"; Value = "1mH"; VariantName = "[No Variations]"
Added Pin To Net: NetName=+5 Pin=C1-2
Added Pin To Net: NetName=+5 Pin=C2-2
Added Pin To Net: NetName=+5 Pin=D1-C
Added Pin To Net: NetName=+5 Pin=D2-C
Added Pin To Net: NetName=+5 Pin=L1-2
Change Net Name : Old Net Name=GND New Net Name=D_GND
Added Pin To Net: NetName=NetL1_1 Pin=L1-1
Added Pin To Net: NetName=NetL1_1 Pin=LM3-4
Added Net: Name=NetL1_1
Added Pin To Net: NetName=P_GND Pin=C1-1
Added Pin To Net: NetName=P_GND Pin=C2-1
Added Pin To Net: NetName=P_GND Pin=D1-A
Added Pin To Net: NetName=P_GND Pin=D2-A
Added Pin To Net: NetName=P_GND Pin=J2-1
Added Pin To Net: NetName=P_GND Pin=LM3-2
Added Pin To Net: NetName=P_GND Pin=LM3-3
Added Net: Name=P_GND
Added Member To Class: ClassName=Sheet2 Member=Component C1 Cap
Added Member To Class: ClassName=Sheet2 Member=Component C2 Cap
Added Member To Class: ClassName=Sheet2 Member=Component D1 P6KE6.8A
Added Member To Class: ClassName=Sheet2 Member=Component D2 P6KE6.8A
Added Member To Class: ClassName=Sheet2 Member=Component L1 B82145A1474J000
